ProductName:            macOS
ProductVersion:         13.5.1
BuildVersion:           22G90

Python 3.9.6

aiohttp==3.8.5
aiosignal==1.3.1
annotated-types==0.6.0
appdirs==1.4.4
appnope==0.1.3
argon2-cffi==21.3.0
argon2-cffi-bindings==21.2.0
astor==0.8.1
asttokens==2.0.8
async-timeout==4.0.3
attrs==22.1.0
autograd==1.6.2
autograd-gamma==0.5.0
backcall==0.2.0
beautifulsoup4==4.11.1
bleach==5.0.1
certifi==2022.6.15
cffi==1.15.1
charset-normalizer==3.2.0
ConfigArgParse==1.7
connection-pool==0.0.3
contourpy==1.0.5
cycler==0.11.0
dacite==1.8.1
datrie==0.8.2
debugpy==1.6.3
decorator==5.1.1
defusedxml==0.7.1
docutils==0.20.1
dpath==2.1.6
entrypoints==0.4
executing==0.10.0
fastjsonschema==2.16.1
filelock==3.12.3
fonttools==4.37.3
formulaic==0.6.4
frozenlist==1.4.0
fsspec==2023.9.0
future==0.18.3
gitdb==4.0.10
GitPython==3.1.36
htmlmin==0.1.12
humanfriendly==10.0
idna==3.4
ImageHash==4.3.1
imageio==2.22.2
interface-meta==1.3.0
ipykernel==6.15.1
ipython==8.4.0
ipython-genutils==0.2.0
ipywidgets==8.0.1
ISLP==0.3.19
jedi==0.18.1
Jinja2==3.1.2
joblib==1.2.0
jsonschema==4.14.0
jupyter==1.0.0
jupyter-client==7.3.4
jupyter-console==6.4.4
jupyter-core==4.11.1
jupyterlab-pygments==0.2.2
jupyterlab-widgets==3.0.2
kiwisolver==1.4.4
lifelines==0.27.7
lightning-utilities==0.9.0
llvmlite==0.41.1
lxml==4.9.1
MarkupSafe==2.1.1
matplotlib==3.6.0
matplotlib-inline==0.1.6
mistune==2.0.4
mpmath==1.3.0
multidict==6.0.4
multimethod==1.10
nbclient==0.6.7
nbconvert==7.0.0
nbformat==5.4.0
nest-asyncio==1.5.5
networkx==2.8.7
notebook==6.4.12
numba==0.58.1
numpy==1.24.4
packaging==21.3
pandas==1.4.3
pandocfilters==1.5.0
parso==0.8.3
patsy==0.5.3
pexpect==4.8.0
phik==0.12.3
pickleshare==0.7.5
Pillow==9.2.0
plac==1.4.1
progressbar2==4.2.0
prometheus-client==0.14.1
prompt-toolkit==3.0.30
psutil==5.9.1
ptyprocess==0.7.0
PuLP==2.7.0
pure-eval==0.2.2
pycparser==2.21
pydantic==2.5.2
pydantic_core==2.14.5
pygam==0.9.0
Pygments==2.13.0
pyparsing==3.0.9
pyrsistent==0.18.1
python-dateutil==2.8.2
python-utils==3.7.0
pytorch-lightning==2.0.8
pytz==2022.2.1
PyWavelets==1.4.1
PyYAML==6.0.1
pyzmq==23.2.1
qtconsole==5.3.1
QtPy==2.2.0
requests==2.31.0
reretry==0.11.8
scikit-image==0.19.3
scikit-learn==1.3.0
scipy==1.11.2
seaborn==0.12.1
Send2Trash==1.8.0
six==1.16.0
smart-open==6.4.0
smmap==5.0.1
snakemake==7.32.4
soupsieve==2.3.2.post1
stack-data==0.4.0
statsmodels==0.13.5
stopit==1.1.2
sympy==1.12
tabulate==0.9.0
tangled-up-in-unicode==0.2.0
terminado==0.15.0
threadpoolctl==3.1.0
throttler==1.2.2
tifffile==2022.10.10
tinycss2==1.1.1
toposort==1.10
torch==2.0.1
torchmetrics==1.1.2
tornado==6.2
tqdm==4.66.1
traitlets==5.3.0
typeguard==4.1.5
typing_extensions==4.7.1
urllib3==2.0.4
utils==1.0.1
visions==0.7.5
wcwidth==0.2.5
webencodings==0.5.1
widgetsnbextension==4.0.2
wordcloud==1.9.2
wrapt==1.15.0
yarl==1.9.2
ydata-profiling==4.6.2
yte==1.5.1